{"level":"info","message":"GET at /"}
{"level":"warn","message":"Endpoint invalido"}
{"level":"info","message":"GET at /favicon.ico"}
{"level":"warn","message":"Endpoint invalido"}
{"level":"info","message":"GET at /"}
{"level":"warn","message":"Endpoint invalido"}
{"level":"info","message":"GET at /"}
{"level":"warn","message":"Endpoint invalido"}
{"level":"info","message":"GET at /"}
{"level":"warn","message":"Endpoint invalido"}
{"level":"info","message":"GET at /"}
{"level":"warn","message":"Endpoint invalido"}
{"level":"info","message":"GET at /"}
{"level":"warn","message":"Endpoint invalido"}
{"level":"info","message":"GET at /"}
{"level":"info","message":"GET at /"}
{"level":"info","message":"GET at /"}
{"level":"warn","message":"Endpoint invalido"}
{"level":"info","message":"GET at /"}
{"level":"warn","message":"Endpoint invalido"}
{"level":"info","message":"GET at /"}
{"level":"warn","message":"Endpoint invalido"}
{"level":"info","message":"GET at /"}
{"level":"warn","message":"Endpoint invalido"}
{"level":"info","message":"GET at /"}
{"level":"warn","message":"Endpoint invalido"}
{"level":"info","message":"GET at /"}
{"level":"warn","message":"Endpoint invalido"}
{"level":"info","message":"GET at /"}
{"level":"warn","message":"Endpoint invalido"}
{"level":"info","message":"GET at /"}
{"level":"warn","message":"Endpoint invalido"}
{"level":"info","message":"GET at /pages/login.html"}
{"level":"warn","message":"Endpoint invalido"}
{"level":"info","message":"GET at /pages/register.html"}
{"level":"warn","message":"Endpoint invalido"}
{"level":"info","message":"GET at /pages/register.html"}
{"level":"warn","message":"Endpoint invalido"}
{"level":"info","message":"GET at /pages/register.html"}
{"level":"warn","message":"Endpoint invalido"}
{"level":"info","message":"GET at /pages/register.html"}
{"level":"warn","message":"Endpoint invalido"}
{"level":"info","message":"GET at /pages/register.html"}
{"level":"warn","message":"Endpoint invalido"}
{"level":"info","message":"GET at /"}
{"level":"warn","message":"Endpoint invalido"}
{"level":"info","message":"GET at /"}
{"level":"warn","message":"Endpoint invalido"}
{"level":"info","message":"GET at /"}
{"level":"warn","message":"Endpoint invalido"}
{"level":"info","message":"GET at /"}
{"level":"warn","message":"Endpoint invalido"}
{"level":"info","message":"GET at /"}
{"level":"warn","message":"Endpoint invalido"}
{"level":"info","message":"GET at /"}
{"level":"warn","message":"Endpoint invalido"}
{"level":"info","message":"GET at /"}
{"level":"warn","message":"Endpoint invalido"}
{"level":"info","message":"GET at /"}
{"level":"warn","message":"Endpoint invalido"}
{"level":"info","message":"GET at /"}
{"level":"warn","message":"Endpoint invalido"}
{"level":"info","message":"GET at /"}
{"level":"warn","message":"Endpoint invalido"}
{"level":"info","message":"GET at /"}
{"level":"warn","message":"Endpoint invalido"}
{"level":"info","message":"GET at /"}
{"level":"warn","message":"Endpoint invalido"}
{"level":"info","message":"GET at /"}
{"level":"warn","message":"Endpoint invalido"}
{"level":"info","message":"GET at /"}
{"level":"warn","message":"Endpoint invalido"}
{"level":"info","message":"GET at /"}
{"level":"warn","message":"Endpoint invalido"}
{"level":"info","message":"GET at /"}
{"level":"warn","message":"Endpoint invalido"}
{"level":"info","message":"GET at /"}
{"level":"warn","message":"Endpoint invalido"}
{"level":"info","message":"GET at /"}
{"level":"warn","message":"Endpoint invalido"}
{"level":"info","message":"GET at /"}
{"level":"warn","message":"Endpoint invalido"}
{"level":"info","message":"GET at /"}
{"level":"info","message":"GET at /"}
{"level":"info","message":"GET at /"}
{"level":"info","message":"GET at /"}
{"level":"info","message":"GET at /"}
{"level":"info","message":"GET at /"}
{"level":"info","message":"GET at /"}
{"level":"info","message":"GET at /"}
{"level":"info","message":"GET at /"}
{"level":"info","message":"GET at /"}
{"level":"info","message":"GET at /"}
{"level":"info","message":"GET at /"}
{"level":"info","message":"GET at /"}
{"level":"info","message":"GET at /"}
{"level":"info","message":"GET at /"}
{"level":"info","message":"GET at /"}
{"level":"info","message":"GET at /"}
{"level":"info","message":"GET at /"}
{"level":"info","message":"GET at /"}
{"level":"info","message":"GET at /"}
{"level":"info","message":"GET at /"}
{"level":"info","message":"GET at /"}
{"level":"warn","message":"Endpoint invalido"}
{"level":"info","message":"GET at /"}
{"level":"warn","message":"Endpoint invalido"}
{"level":"info","message":"GET at /"}
{"level":"warn","message":"Endpoint invalido"}
{"level":"info","message":"GET at /"}
{"level":"warn","message":"Endpoint invalido"}
{"level":"info","message":"GET at /"}
{"level":"warn","message":"Endpoint invalido"}
{"level":"info","message":"GET at /"}
{"level":"warn","message":"Endpoint invalido"}
{"level":"info","message":"GET at /"}
{"level":"warn","message":"Endpoint invalido"}
{"level":"info","message":"GET at /"}
{"level":"warn","message":"Endpoint invalido"}
{"level":"info","message":"GET at /"}
{"level":"warn","message":"Endpoint invalido"}
{"level":"info","message":"GET at /session/login"}
{"level":"warn","message":"Endpoint invalido"}
{"level":"info","message":"GET at /"}
{"level":"warn","message":"Endpoint invalido"}
{"level":"info","message":"GET at /"}
{"level":"warn","message":"Endpoint invalido"}
{"level":"info","message":"GET at /"}
{"level":"warn","message":"Endpoint invalido"}
{"level":"info","message":"GET at /"}
{"level":"warn","message":"Endpoint invalido"}
{"level":"info","message":"GET at /"}
{"level":"warn","message":"Endpoint invalido"}
{"level":"info","message":"GET at /"}
{"level":"warn","message":"Endpoint invalido"}
{"level":"info","message":"GET at /"}
{"level":"warn","message":"Endpoint invalido"}
{"level":"info","message":"GET at /"}
{"level":"warn","message":"Endpoint invalido"}
{"level":"info","message":"GET at /"}
{"level":"warn","message":"Endpoint invalido"}
{"level":"info","message":"GET at /main.js"}
{"level":"warn","message":"Endpoint invalido"}
{"level":"info","message":"GET at /main.js"}
{"level":"warn","message":"Endpoint invalido"}
{"level":"info","message":"GET at /main.js"}
{"level":"warn","message":"Endpoint invalido"}
{"level":"info","message":"GET at /session/login"}
{"level":"warn","message":"Endpoint invalido"}
{"level":"info","message":"GET at /session/login"}
{"level":"warn","message":"Endpoint invalido"}
{"level":"info","message":"GET at /session/login"}
{"level":"warn","message":"Endpoint invalido"}
{"level":"info","message":"GET at /session/login"}
{"level":"warn","message":"Endpoint invalido"}
{"level":"info","message":"GET at /session/login"}
{"level":"warn","message":"Endpoint invalido"}
{"level":"info","message":"GET at /session/login"}
{"level":"warn","message":"Endpoint invalido"}
{"level":"info","message":"GET at /session/login"}
{"level":"warn","message":"Endpoint invalido"}
{"level":"info","message":"GET at /session/login"}
{"level":"warn","message":"Endpoint invalido"}
{"level":"info","message":"GET at /session/login"}
{"level":"warn","message":"Endpoint invalido"}
{"level":"info","message":"POST at /session%20login"}
{"level":"info","message":"GET at /view/style.css"}
{"level":"warn","message":"Endpoint invalido"}
{"level":"info","message":"GET at /register.html"}
{"level":"warn","message":"Endpoint invalido"}
{"level":"info","message":"GET at /register.html"}
{"level":"warn","message":"Endpoint invalido"}
{"level":"info","message":"GET at /register.html"}
{"level":"warn","message":"Endpoint invalido"}
{"level":"info","message":"GET at /login.html"}
{"level":"warn","message":"Endpoint invalido"}
{"level":"info","message":"GET at /view/undefined"}
{"level":"warn","message":"Endpoint invalido"}
{"level":"info","message":"GET at /view/undefined"}
{"level":"warn","message":"Endpoint invalido"}
{"level":"info","message":"POST at /api/users"}
{"level":"info","message":"POST at /api/users"}
{"level":"info","message":"DELETE at /session/login"}
{"level":"info","message":"GET at /favicon.ico"}
{"level":"warn","message":"Endpoint invalido"}
{"level":"info","message":"DELETE at /cart/61d22db53b884ad6d621e83e"}
